{"F:\\study\\front-end-testing\\src\\math.js":{"path":"F:\\study\\front-end-testing\\src\\math.js","s":{"1":1,"2":0,"3":0,"4":0,"5":0},"b":{},"f":{"1":0,"2":0},"fnMap":{"1":{"name":"(anonymous_1)","line":2,"loc":{"start":{"line":2,"column":9},"end":{"line":2,"column":26}}},"2":{"name":"(anonymous_2)","line":8,"loc":{"start":{"line":8,"column":9},"end":{"line":8,"column":26}}}},"statementMap":{"1":{"start":{"line":1,"column":0},"end":{"line":13,"column":1}},"2":{"start":{"line":3,"column":8},"end":{"line":5,"column":11}},"3":{"start":{"line":4,"column":12},"end":{"line":4,"column":31}},"4":{"start":{"line":9,"column":8},"end":{"line":11,"column":11}},"5":{"start":{"line":10,"column":12},"end":{"line":10,"column":31}}},"branchMap":{}}}